{"name": "test_loginpage", "status": "broken", "statusDetails": {"message": "selenium.common.exceptions.NoSuchElementException: Message: no such element: Unable to locate element: {\"method\":\"xpath\",\"selector\":\"//a[text()='Hi ']\"}\n  (Session info: chrome=114.0.5735.199)\nStacktrace:\nBacktrace:\n\tGetHandleVerifier [0x0055A813+48355]\n\t(No symbol) [0x004EC4B1]\n\t(No symbol) [0x003F5358]\n\t(No symbol) [0x004209A5]\n\t(No symbol) [0x00420B3B]\n\t(No symbol) [0x0044E232]\n\t(No symbol) [0x0043A784]\n\t(No symbol) [0x0044C922]\n\t(No symbol) [0x0043A536]\n\t(No symbol) [0x004182DC]\n\t(No symbol) [0x004193DD]\n\tGetHandleVerifier [0x007BAABD+2539405]\n\tGetHandleVerifier [0x007FA78F+2800735]\n\tGetHandleVerifier [0x007F456C+2775612]\n\tGetHandleVerifier [0x005E51E0+616112]\n\t(No symbol) [0x004F5F8C]\n\t(No symbol) [0x004F2328]\n\t(No symbol) [0x004F240B]\n\t(No symbol) [0x004E4FF7]\n\tBaseThreadInitThunk [0x75E57D59+25]\n\tRtlInitializeExceptionChain [0x76EFB74B+107]\n\tRtlClearBits [0x76EFB6CF+191]", "trace": "self = <Testcases.logintest.Test_001_Login object at 0x00000214D628B2E0>\n\n    @allure.severity(allure.severity_level.CRITICAL)\n    def test_loginpage(self):\n        self.logger.info('****Verifying login test****')\n        self.driver.get(self.baseURL)\n        # handling exceptions using try except blocks\n        try:\n            self.lp.setmobilenumber(self.mobilenumber)\n        except InvalidElementStateException:\n            print(\"NoSuchElementException occurred..\")\n        self.lp.clicksignin()\n>       self.lp.userGreetingsbtn()\n\nTestcases\\logintest.py:62: \n_ _ _ _ _ _ _ _ _ _ _ _ _ _ _ _ _ _ _ _ _ _ _ _ _ _ _ _ _ _ _ _ _ _ _ _ _ _ _ _ _ _ _ _ _ _ _ _ _ _ _ _ _ _ _ _ _ _ _ _ _ _ _ _ _ _ _ _ _ _ _ _ _ _ _ _ _ _ _ _ _ _ _ _ _ _ _\nPageobjects\\loginpage.py:39: in userGreetingsbtn\n    self.driver.find_element(By.XPATH, self.User_Greetings).click()\n..\\..\\AppData\\Roaming\\Python\\Python310\\site-packages\\selenium\\webdriver\\remote\\webdriver.py:1244: in find_element\n    return self.execute(Command.FIND_ELEMENT, {\n..\\..\\AppData\\Roaming\\Python\\Python310\\site-packages\\selenium\\webdriver\\remote\\webdriver.py:424: in execute\n    self.error_handler.check_response(response)\n_ _ _ _ _ _ _ _ _ _ _ _ _ _ _ _ _ _ _ _ _ _ _ _ _ _ _ _ _ _ _ _ _ _ _ _ _ _ _ _ _ _ _ _ _ _ _ _ _ _ _ _ _ _ _ _ _ _ _ _ _ _ _ _ _ _ _ _ _ _ _ _ _ _ _ _ _ _ _ _ _ _ _ _ _ _ _\n\nself = <selenium.webdriver.remote.errorhandler.ErrorHandler object at 0x00000214D6345E40>\nresponse = {'status': 404, 'value': '{\"value\":{\"error\":\"no such element\",\"message\":\"no such element: Unable to locate element: {\\...dInitThunk [0x75E57D59+25]\\\\n\\\\tRtlInitializeExceptionChain [0x76EFB74B+107]\\\\n\\\\tRtlClearBits [0x76EFB6CF+191]\\\\n\"}}'}\n\n    def check_response(self, response: Dict[str, Any]) -> None:\n        \"\"\"\n        Checks that a JSON response from the WebDriver does not have an error.\n    \n        :Args:\n         - response - The JSON response from the WebDriver server as a dictionary\n           object.\n    \n        :Raises: If the response contains an error message.\n        \"\"\"\n        status = response.get('status', None)\n        if not status or status == ErrorCode.SUCCESS:\n            return\n        value = None\n        message = response.get(\"message\", \"\")\n        screen: str = response.get(\"screen\", \"\")\n        stacktrace = None\n        if isinstance(status, int):\n            value_json = response.get('value', None)\n            if value_json and isinstance(value_json, str):\n                import json\n                try:\n                    value = json.loads(value_json)\n                    if len(value.keys()) == 1:\n                        value = value['value']\n                    status = value.get('error', None)\n                    if not status:\n                        status = value.get(\"status\", ErrorCode.UNKNOWN_ERROR)\n                        message = value.get(\"value\") or value.get(\"message\")\n                        if not isinstance(message, str):\n                            value = message\n                            message = message.get('message')\n                    else:\n                        message = value.get('message', None)\n                except ValueError:\n                    pass\n    \n        exception_class: Type[WebDriverException]\n        if status in ErrorCode.NO_SUCH_ELEMENT:\n            exception_class = NoSuchElementException\n        elif status in ErrorCode.NO_SUCH_FRAME:\n            exception_class = NoSuchFrameException\n        elif status in ErrorCode.NO_SUCH_SHADOW_ROOT:\n            exception_class = NoSuchShadowRootException\n        elif status in ErrorCode.NO_SUCH_WINDOW:\n            exception_class = NoSuchWindowException\n        elif status in ErrorCode.STALE_ELEMENT_REFERENCE:\n            exception_class = StaleElementReferenceException\n        elif status in ErrorCode.ELEMENT_NOT_VISIBLE:\n            exception_class = ElementNotVisibleException\n        elif status in ErrorCode.INVALID_ELEMENT_STATE:\n            exception_class = InvalidElementStateException\n        elif status in ErrorCode.INVALID_SELECTOR \\\n                or status in ErrorCode.INVALID_XPATH_SELECTOR \\\n                or status in ErrorCode.INVALID_XPATH_SELECTOR_RETURN_TYPER:\n            exception_class = InvalidSelectorException\n        elif status in ErrorCode.ELEMENT_IS_NOT_SELECTABLE:\n            exception_class = ElementNotSelectableException\n        elif status in ErrorCode.ELEMENT_NOT_INTERACTABLE:\n            exception_class = ElementNotInteractableException\n        elif status in ErrorCode.INVALID_COOKIE_DOMAIN:\n            exception_class = InvalidCookieDomainException\n        elif status in ErrorCode.UNABLE_TO_SET_COOKIE:\n            exception_class = UnableToSetCookieException\n        elif status in ErrorCode.TIMEOUT:\n            exception_class = TimeoutException\n        elif status in ErrorCode.SCRIPT_TIMEOUT:\n            exception_class = TimeoutException\n        elif status in ErrorCode.UNKNOWN_ERROR:\n            exception_class = WebDriverException\n        elif status in ErrorCode.UNEXPECTED_ALERT_OPEN:\n            exception_class = UnexpectedAlertPresentException\n        elif status in ErrorCode.NO_ALERT_OPEN:\n            exception_class = NoAlertPresentException\n        elif status in ErrorCode.IME_NOT_AVAILABLE:\n            exception_class = ImeNotAvailableException\n        elif status in ErrorCode.IME_ENGINE_ACTIVATION_FAILED:\n            exception_class = ImeActivationFailedException\n        elif status in ErrorCode.MOVE_TARGET_OUT_OF_BOUNDS:\n            exception_class = MoveTargetOutOfBoundsException\n        elif status in ErrorCode.JAVASCRIPT_ERROR:\n            exception_class = JavascriptException\n        elif status in ErrorCode.SESSION_NOT_CREATED:\n            exception_class = SessionNotCreatedException\n        elif status in ErrorCode.INVALID_ARGUMENT:\n            exception_class = InvalidArgumentException\n        elif status in ErrorCode.NO_SUCH_COOKIE:\n            exception_class = NoSuchCookieException\n        elif status in ErrorCode.UNABLE_TO_CAPTURE_SCREEN:\n            exception_class = ScreenshotException\n        elif status in ErrorCode.ELEMENT_CLICK_INTERCEPTED:\n            exception_class = ElementClickInterceptedException\n        elif status in ErrorCode.INSECURE_CERTIFICATE:\n            exception_class = InsecureCertificateException\n        elif status in ErrorCode.INVALID_COORDINATES:\n            exception_class = InvalidCoordinatesException\n        elif status in ErrorCode.INVALID_SESSION_ID:\n            exception_class = InvalidSessionIdException\n        elif status in ErrorCode.UNKNOWN_METHOD:\n            exception_class = UnknownMethodException\n        else:\n            exception_class = WebDriverException\n        if not value:\n            value = response['value']\n        if isinstance(value, str):\n            raise exception_class(value)\n        if message == \"\" and 'message' in value:\n            message = value['message']\n    \n        screen = None  # type: ignore[assignment]\n        if 'screen' in value:\n            screen = value['screen']\n    \n        stacktrace = None\n        st_value = value.get('stackTrace') or value.get('stacktrace')\n        if st_value:\n            if isinstance(st_value, str):\n                stacktrace = st_value.split('\\n')\n            else:\n                stacktrace = []\n                try:\n                    for frame in st_value:\n                        line = self._value_or_default(frame, 'lineNumber', '')\n                        file = self._value_or_default(frame, 'fileName', '<anonymous>')\n                        if line:\n                            file = \"%s:%s\" % (file, line)\n                        meth = self._value_or_default(frame, 'methodName', '<anonymous>')\n                        if 'className' in frame:\n                            meth = \"%s.%s\" % (frame['className'], meth)\n                        msg = \"    at %s (%s)\"\n                        msg = msg % (meth, file)\n                        stacktrace.append(msg)\n                except TypeError:\n                    pass\n        if exception_class == UnexpectedAlertPresentException:\n            alert_text = None\n            if 'data' in value:\n                alert_text = value['data'].get('text')\n            elif 'alert' in value:\n                alert_text = value['alert'].get('text')\n            raise exception_class(message, screen, stacktrace, alert_text)  # type: ignore[call-arg]  # mypy is not smart enough here\n>       raise exception_class(message, screen, stacktrace)\nE       selenium.common.exceptions.NoSuchElementException: Message: no such element: Unable to locate element: {\"method\":\"xpath\",\"selector\":\"//a[text()='Hi ']\"}\nE         (Session info: chrome=114.0.5735.199)\nE       Stacktrace:\nE       Backtrace:\nE       \tGetHandleVerifier [0x0055A813+48355]\nE       \t(No symbol) [0x004EC4B1]\nE       \t(No symbol) [0x003F5358]\nE       \t(No symbol) [0x004209A5]\nE       \t(No symbol) [0x00420B3B]\nE       \t(No symbol) [0x0044E232]\nE       \t(No symbol) [0x0043A784]\nE       \t(No symbol) [0x0044C922]\nE       \t(No symbol) [0x0043A536]\nE       \t(No symbol) [0x004182DC]\nE       \t(No symbol) [0x004193DD]\nE       \tGetHandleVerifier [0x007BAABD+2539405]\nE       \tGetHandleVerifier [0x007FA78F+2800735]\nE       \tGetHandleVerifier [0x007F456C+2775612]\nE       \tGetHandleVerifier [0x005E51E0+616112]\nE       \t(No symbol) [0x004F5F8C]\nE       \t(No symbol) [0x004F2328]\nE       \t(No symbol) [0x004F240B]\nE       \t(No symbol) [0x004E4FF7]\nE       \tBaseThreadInitThunk [0x75E57D59+25]\nE       \tRtlInitializeExceptionChain [0x76EFB74B+107]\nE       \tRtlClearBits [0x76EFB6CF+191]\n\n..\\..\\AppData\\Roaming\\Python\\Python310\\site-packages\\selenium\\webdriver\\remote\\errorhandler.py:247: NoSuchElementException"}, "attachments": [{"name": "log", "source": "f7ae5764-3fc3-47a3-9b4a-9705669ad42c-attachment.txt", "type": "text/plain"}], "start": 1689323983766, "stop": 1689323990028, "uuid": "2c878dc0-7166-4c15-b03b-2a3d55873aee", "historyId": "b568ca9f3c779257e97fd92bacc0e7b2", "testCaseId": "b568ca9f3c779257e97fd92bacc0e7b2", "fullName": "Testcases.logintest.Test_001_Login#test_loginpage", "labels": [{"name": "severity", "value": "critical"}, {"name": "tag", "value": "@pytest.mark.usefixtures('setup')"}, {"name": "parentSuite", "value": "Testcases"}, {"name": "suite", "value": "logintest"}, {"name": "subSuite", "value": "Test_001_Login"}, {"name": "host", "value": "DESKTOP-6625IDT"}, {"name": "thread", "value": "4444-MainThread"}, {"name": "framework", "value": "pytest"}, {"name": "language", "value": "cpython3"}, {"name": "package", "value": "Testcases.logintest"}]}