{"name": "test_homePage_title", "status": "failed", "statusDetails": {"message": "AssertionError: assert False", "trace": "self = <Testcases.logintest.Test_001_Login object at 0x000002D1F9D11FF0>\n\n    @allure.severity(allure.severity_level.MINOR)\n    def test_homePage_title(self):\n        self.logger.info('****TestLogin****')\n        self.logger.info('****Verifying home page title****')\n        # self.driver = setup\n        self.driver.get(self.baseURL)  # here we don't have loop hence we can use url from read-properties module\n        act_title = self.driver.title\n        if act_title == \"IndiaMART - Indian Manufacturers Suppliers Exporters Directory,India Exporter Manufacturers\":\n            assert True\n            self.driver.close()\n            print(\"Title is validated\")\n            self.logger.info('****Home page title passed****')\n        else:\n            t = self.driver.title\n            print(\"Title is Incorrect\")\n            print(\"This is the Page title: \", t)\n            allure.attach(self.driver.get_screenshot_as_png(), name=\"Homepagetitle\", attachment_type=AttachmentType.PNG)\n            self.driver.save_screenshot(\".\\\\Screenshots\\\\\" + \"test_homePage_title.png\")\n            self.driver.close()\n            self.logger.error('****Home page title failed****')\n>           assert False\nE           assert False\n\nTestcases\\logintest.py:50: AssertionError"}, "attachments": [{"name": "Homepagetitle", "source": "8757d05b-f1e2-4940-a25f-1d90b06f0a22-attachment.png", "type": "image/png"}, {"name": "log", "source": "80f9633f-a8bf-46f4-93f4-40777dcd8045-attachment.txt", "type": "text/plain"}], "start": 1689324328888, "stop": 1689324332345, "uuid": "a0abbc84-9879-46f1-9f34-a65616924900", "historyId": "b73951b9ccd39d72f75881cf7c55a9c9", "testCaseId": "b73951b9ccd39d72f75881cf7c55a9c9", "fullName": "Testcases.logintest.Test_001_Login#test_homePage_title", "labels": [{"name": "severity", "value": "minor"}, {"name": "tag", "value": "@pytest.mark.usefixtures('setup')"}, {"name": "parentSuite", "value": "Testcases"}, {"name": "suite", "value": "logintest"}, {"name": "subSuite", "value": "Test_001_Login"}, {"name": "host", "value": "DESKTOP-6625IDT"}, {"name": "thread", "value": "41952-MainThread"}, {"name": "framework", "value": "pytest"}, {"name": "language", "value": "cpython3"}, {"name": "package", "value": "Testcases.logintest"}]}